app/build/outputs/logs/manifest-merger-release-report.txt
-- Merging decision tree log ---
provider#androidx.core.content.FileProvider
INJECTED from src/main/AndroidManifest.xml:70:9-80:20
	android:grantUriPermissions
		ADDED from src/main/AndroidManifest.xml:72:13-47
	android:authorities
		INJECTED from src/main/AndroidManifest.xml
		ADDED from src/main/AndroidManifest.xml:74:13-64
	android:exported
		ADDED from src/main/AndroidManifest.xml:73:13-37
	android:name
		ADDED from src/main/AndroidManifest.xml:71:13-62
manifest
ADDED from src/main/AndroidManifest.xml:2:1-186:12
INJECTED from src/main/AndroidManifest.xml:2:1-186:12
INJECTED from src/main/AndroidManifest.xml:2:1-186:12
INJECTED from src/main/AndroidManifest.xml:2:1-186:12
MERGED from [com.github.goldze:MVVMHabit:3.1.2] AndroidManifest.xml:2:1-28:12
MERGED from [me.tatarka.bindingcollectionadapter2:bindingcollectionadapter-recyclerview:2.2.0] AndroidManifest.xml:2:1-10:12
MERGED from [me.tatarka.bindingcollectionadapter2:bindingcollectionadapter:2.2.0] AndroidManifest.xml:2:1-10:12
MERGED from [androidx.databinding:databinding-adapters:3.4.1] AndroidManifest.xml:17:1-24:12
MERGED from [androidx.databinding:databinding-runtime:3.4.1] AndroidManifest.xml:17:1-24:12
MERGED from [androidx.constraintlayout:constraintlayout:1.1.3] AndroidManifest.xml:2:1-11:12
MERGED from [com.afollestad.material-dialogs:commons:0.9.4.5] AndroidManifest.xml:2:1-14:12
MERGED from [com.afollestad.material-dialogs:core:0.9.4.5] AndroidManifest.xml:2:1-15:12
MERGED from [androidx.legacy:legacy-support-v13:1.0.0] AndroidManifest.xml:17:1-22:12
MERGED from [androidx.legacy:legacy-support-v4:1.0.0] AndroidManifest.xml:17:1-22:12
MERGED from [com.trello.rxlifecycle2:rxlifecycle-components:2.2.2] AndroidManifest.xml:13:1-18:12
MERGED from [me.zhanghai.android.materialprogressbar:library:1.4.1] AndroidManifest.xml:6:1-16:12
MERGED from [androidx.appcompat:appcompat:1.0.0] AndroidManifest.xml:17:1-22:12
MERGED from [com.github.tbruyelle:rxpermissions:0.10.2] AndroidManifest.xml:2:1-11:12
MERGED from [com.github.bumptech.glide:glide:4.8.0] AndroidManifest.xml:2:1-12:12
MERGED from [androidx.lifecycle:lifecycle-extensions:2.0.0] AndroidManifest.xml:17:1-25:12
MERGED from [androidx.fragment:fragment:1.0.0] AndroidManifest.xml:17:1-22:12
MERGED from [androidx.recyclerview:recyclerview:1.0.0] AndroidManifest.xml:17:1-22:12
MERGED from [androidx.vectordrawable:vectordrawable-animated:1.0.0] AndroidManifest.xml:17:1-22:12
MERGED from [androidx.legacy:legacy-support-core-ui:1.0.0] AndroidManifest.xml:17:1-22:12
MERGED from [androidx.legacy:legacy-support-core-utils:1.0.0] AndroidManifest.xml:17:1-22:12
MERGED from [com.lzy.net:okgo:3.0.4] AndroidManifest.xml:17:1-31:12
MERGED from [androidx.loader:loader:1.0.0] AndroidManifest.xml:17:1-22:12
MERGED from [androidx.media:media:1.0.0] AndroidManifest.xml:17:1-22:12
MERGED from [androidx.vectordrawable:vectordrawable:1.0.0] AndroidManifest.xml:17:1-22:12
MERGED from [androidx.viewpager:viewpager:1.0.0] AndroidManifest.xml:17:1-22:12
MERGED from [androidx.coordinatorlayout:coordinatorlayout:1.0.0] AndroidManifest.xml:17:1-22:12
MERGED from [androidx.drawerlayout:drawerlayout:1.0.0] AndroidManifest.xml:17:1-22:12
MERGED from [androidx.slidingpanelayout:slidingpanelayout:1.0.0] AndroidManifest.xml:17:1-22:12
MERGED from [androidx.customview:customview:1.0.0] AndroidManifest.xml:17:1-22:12
MERGED from [androidx.swiperefreshlayout:swiperefreshlayout:1.0.0] AndroidManifest.xml:17:1-22:12
MERGED from [androidx.asynclayoutinflater:asynclayoutinflater:1.0.0] AndroidManifest.xml:17:1-22:12
MERGED from [androidx.core:core:1.0.0] AndroidManifest.xml:17:1-24:12
MERGED from [androidx.lifecycle:lifecycle-process:2.0.0] AndroidManifest.xml:17:1-30:12
MERGED from [androidx.lifecycle:lifecycle-service:2.0.0] AndroidManifest.xml:17:1-22:12
MERGED from [androidx.lifecycle:lifecycle-runtime:2.0.0] AndroidManifest.xml:17:1-22:12
MERGED from [androidx.versionedparcelable:versionedparcelable:1.0.0] AndroidManifest.xml:17:1-25:12
MERGED from [com.jakewharton.rxbinding2:rxbinding:2.1.1] AndroidManifest.xml:2:1-8:12
MERGED from [com.trello.rxlifecycle2:rxlifecycle-android:2.2.2] AndroidManifest.xml:13:1-18:12
MERGED from [io.reactivex.rxjava2:rxandroid:2.1.0] AndroidManifest.xml:15:1-20:12
MERGED from [androidx.documentfile:documentfile:1.0.0] AndroidManifest.xml:17:1-22:12
MERGED from [androidx.localbroadcastmanager:localbroadcastmanager:1.0.0] AndroidManifest.xml:17:1-22:12
MERGED from [androidx.print:print:1.0.0] AndroidManifest.xml:17:1-22:12
MERGED from [androidx.lifecycle:lifecycle-livedata:2.0.0] AndroidManifest.xml:17:1-22:12
MERGED from [androidx.lifecycle:lifecycle-livedata-core:2.0.0] AndroidManifest.xml:17:1-22:12
MERGED from [androidx.arch.core:core-runtime:2.0.0] AndroidManifest.xml:17:1-22:12
MERGED from [com.github.bumptech.glide:gifdecoder:4.8.0] AndroidManifest.xml:2:1-11:12
MERGED from [androidx.cursoradapter:cursoradapter:1.0.0] AndroidManifest.xml:17:1-22:12
MERGED from [androidx.lifecycle:lifecycle-viewmodel:2.0.0] AndroidManifest.xml:17:1-22:12
MERGED from [androidx.interpolator:interpolator:1.0.0] AndroidManifest.xml:17:1-22:12
INJECTED from src/main/AndroidManifest.xml:2:1-186:12
INJECTED from src/main/AndroidManifest.xml:2:1-186:12
INJECTED from src/main/AndroidManifest.xml:2:1-186:12
	package
		ADDED from src/main/AndroidManifest.xml:4:5-38
		INJECTED from src/main/AndroidManifest.xml
		INJECTED from src/main/AndroidManifest.xml
	android:versionName
		INJECTED from src/main/AndroidManifest.xml
		ADDED from src/main/AndroidManifest.xml:2:1-186:12
		INJECTED from src/main/AndroidManifest.xml
	xmlns:tools
		ADDED from src/main/AndroidManifest.xml:3:5-51
	android:versionCode
		INJECTED from src/main/AndroidManifest.xml
		ADDED from src/main/AndroidManifest.xml:2:1-186:12
		INJECTED from src/main/AndroidManifest.xml
	xmlns:android
		ADDED from src/main/AndroidManifest.xml:2:11-69
uses-permission#android.permission.NFC
ADDED from src/main/AndroidManifest.xml:6:5-62
	android:name
		ADDED from src/main/AndroidManifest.xml:6:22-59
uses-permission#android.permission.WRITE_EXTERNAL_STORAGE
ADDED from src/main/AndroidManifest.xml:7:5-81
MERGED from [com.lzy.net:okgo:3.0.4] AndroidManifest.xml:28:5-81
MERGED from [com.lzy.net:okgo:3.0.4] AndroidManifest.xml:28:5-81
	android:name
		ADDED from src/main/AndroidManifest.xml:7:22-78
uses-permission#android.permission.INTERNET
ADDED from src/main/AndroidManifest.xml:8:5-67
MERGED from [com.github.goldze:MVVMHabit:3.1.2] AndroidManifest.xml:11:5-67
MERGED from [com.github.goldze:MVVMHabit:3.1.2] AndroidManifest.xml:11:5-67
MERGED from [com.lzy.net:okgo:3.0.4] AndroidManifest.xml:26:5-67
MERGED from [com.lzy.net:okgo:3.0.4] AndroidManifest.xml:26:5-67
	android:name
		ADDED from src/main/AndroidManifest.xml:8:22-64
uses-permission#android.permission.ACCESS_WIFI_STATE
ADDED from src/main/AndroidManifest.xml:9:5-76
	android:name
		ADDED from src/main/AndroidManifest.xml:9:22-73
uses-permission#android.permission.READ_PHONE_STATE
ADDED from src/main/AndroidManifest.xml:10:5-75
	android:name
		ADDED from src/main/AndroidManifest.xml:10:22-72
uses-permission#android.permission.ACCESS_NETWORK_STATE
ADDED from src/main/AndroidManifest.xml:11:5-79
	android:name
		ADDED from src/main/AndroidManifest.xml:11:22-76
uses-permission#android.permission.READ_EXTERNAL_STORAGE
ADDED from src/main/AndroidManifest.xml:12:5-80
MERGED from [com.lzy.net:okgo:3.0.4] AndroidManifest.xml:27:5-80
MERGED from [com.lzy.net:okgo:3.0.4] AndroidManifest.xml:27:5-80
	android:name
		ADDED from src/main/AndroidManifest.xml:12:22-77
uses-feature#android.hardware.nfc
ADDED from src/main/AndroidManifest.xml:15:5-17:35
	android:required
		ADDED from src/main/AndroidManifest.xml:17:9-32
	android:name
		ADDED from src/main/AndroidManifest.xml:16:9-44
application
ADDED from src/main/AndroidManifest.xml:21:5-184:19
MERGED from [com.github.goldze:MVVMHabit:3.1.2] AndroidManifest.xml:13:5-26:19
MERGED from [com.github.goldze:MVVMHabit:3.1.2] AndroidManifest.xml:13:5-26:19
MERGED from [me.tatarka.bindingcollectionadapter2:bindingcollectionadapter-recyclerview:2.2.0] AndroidManifest.xml:8:5-20
MERGED from [me.tatarka.bindingcollectionadapter2:bindingcollectionadapter-recyclerview:2.2.0] AndroidManifest.xml:8:5-20
MERGED from [me.tatarka.bindingcollectionadapter2:bindingcollectionadapter:2.2.0] AndroidManifest.xml:8:5-20
MERGED from [me.tatarka.bindingcollectionadapter2:bindingcollectionadapter:2.2.0] AndroidManifest.xml:8:5-20
MERGED from [androidx.constraintlayout:constraintlayout:1.1.3] AndroidManifest.xml:9:5-20
MERGED from [androidx.constraintlayout:constraintlayout:1.1.3] AndroidManifest.xml:9:5-20
MERGED from [com.afollestad.material-dialogs:commons:0.9.4.5] AndroidManifest.xml:12:5-20
MERGED from [com.afollestad.material-dialogs:commons:0.9.4.5] AndroidManifest.xml:12:5-20
MERGED from [com.afollestad.material-dialogs:core:0.9.4.5] AndroidManifest.xml:13:5-20
MERGED from [com.afollestad.material-dialogs:core:0.9.4.5] AndroidManifest.xml:13:5-20
MERGED from [com.github.tbruyelle:rxpermissions:0.10.2] AndroidManifest.xml:9:5-20
MERGED from [com.github.tbruyelle:rxpermissions:0.10.2] AndroidManifest.xml:9:5-20
MERGED from [com.github.bumptech.glide:glide:4.8.0] AndroidManifest.xml:10:5-20
MERGED from [com.github.bumptech.glide:glide:4.8.0] AndroidManifest.xml:10:5-20
MERGED from [androidx.lifecycle:lifecycle-extensions:2.0.0] AndroidManifest.xml:22:5-23:19
MERGED from [androidx.lifecycle:lifecycle-extensions:2.0.0] AndroidManifest.xml:22:5-23:19
MERGED from [androidx.core:core:1.0.0] AndroidManifest.xml:22:5-89
MERGED from [androidx.core:core:1.0.0] AndroidManifest.xml:22:5-89
MERGED from [androidx.lifecycle:lifecycle-process:2.0.0] AndroidManifest.xml:22:5-28:19
MERGED from [androidx.lifecycle:lifecycle-process:2.0.0] AndroidManifest.xml:22:5-28:19
MERGED from [androidx.versionedparcelable:versionedparcelable:1.0.0] AndroidManifest.xml:22:5-23:19
MERGED from [androidx.versionedparcelable:versionedparcelable:1.0.0] AndroidManifest.xml:22:5-23:19
MERGED from [com.github.bumptech.glide:gifdecoder:4.8.0] AndroidManifest.xml:9:5-20
MERGED from [com.github.bumptech.glide:gifdecoder:4.8.0] AndroidManifest.xml:9:5-20
	android:appComponentFactory
		ADDED from [androidx.core:core:1.0.0] AndroidManifest.xml:22:18-86
	android:label
		ADDED from src/main/AndroidManifest.xml:25:9-41
	tools:ignore
		ADDED from src/main/AndroidManifest.xml:27:9-48
	android:icon
		ADDED from src/main/AndroidManifest.xml:24:9-43
	android:allowBackup
		ADDED from src/main/AndroidManifest.xml:23:9-36
	android:theme
		ADDED from src/main/AndroidManifest.xml:26:9-40
	android:name
		ADDED from src/main/AndroidManifest.xml:22:9-75
activity#com.power.nfc.assistant.activitys.LoginActivity
ADDED from src/main/AndroidManifest.xml:41:9-52:20
	android:label
		ADDED from src/main/AndroidManifest.xml:44:13-56
	android:launchMode
		ADDED from src/main/AndroidManifest.xml:46:13-43
	android:configChanges
		ADDED from src/main/AndroidManifest.xml:43:13-59
	android:theme
		ADDED from src/main/AndroidManifest.xml:45:13-51
	android:name
		ADDED from src/main/AndroidManifest.xml:42:13-75
intent-filter#action:name:android.intent.action.MAIN+category:name:android.intent.category.LAUNCHER
ADDED from src/main/AndroidManifest.xml:47:13-51:29
action#android.intent.action.MAIN
ADDED from src/main/AndroidManifest.xml:48:17-69
	android:name
		ADDED from src/main/AndroidManifest.xml:48:25-66
category#android.intent.category.LAUNCHER
ADDED from src/main/AndroidManifest.xml:50:17-77
	android:name
		ADDED from src/main/AndroidManifest.xml:50:27-74
activity#com.power.nfc.assistant.activitys.MainMenu
ADDED from src/main/AndroidManifest.xml:54:9-55
	android:name
		ADDED from src/main/AndroidManifest.xml:54:19-53
activity-alias#com.power.nfc.assistant.MainMenuAlias
ADDED from src/main/AndroidManifest.xml:55:9-67:26
	android:label
		ADDED from src/main/AndroidManifest.xml:58:13-37
	android:launchMode
		ADDED from src/main/AndroidManifest.xml:59:13-43
	android:targetActivity
		ADDED from src/main/AndroidManifest.xml:56:13-80
	android:name
		ADDED from src/main/AndroidManifest.xml:57:13-42
intent-filter#action:name:android.nfc.action.TECH_DISCOVERED
ADDED from src/main/AndroidManifest.xml:61:13-63:29
action#android.nfc.action.TECH_DISCOVERED
ADDED from src/main/AndroidManifest.xml:62:17-77
	android:name
		ADDED from src/main/AndroidManifest.xml:62:25-74
meta-data#android.nfc.action.TECH_DISCOVERED
ADDED from src/main/AndroidManifest.xml:64:13-66:59
	android:resource
		ADDED from src/main/AndroidManifest.xml:66:17-56
	android:name
		ADDED from src/main/AndroidManifest.xml:65:17-66
activity#com.power.nfc.assistant.activitys.KeyMapCreator
ADDED from src/main/AndroidManifest.xml:83:9-88:20
	android:label
		ADDED from src/main/AndroidManifest.xml:87:13-66
	android:configChanges
		ADDED from src/main/AndroidManifest.xml:85:13-74
	android:icon
		ADDED from src/main/AndroidManifest.xml:86:13-56
	android:name
		ADDED from src/main/AndroidManifest.xml:84:13-75
activity#com.power.nfc.assistant.activitys.DumpEditor
ADDED from src/main/AndroidManifest.xml:89:9-94:20
	android:label
		ADDED from src/main/AndroidManifest.xml:93:13-63
	android:configChanges
		ADDED from src/main/AndroidManifest.xml:91:13-74
	android:icon
		ADDED from src/main/AndroidManifest.xml:92:13-47
	android:name
		ADDED from src/main/AndroidManifest.xml:90:13-72
activity#com.power.nfc.assistant.activitys.FileChooser
ADDED from src/main/AndroidManifest.xml:95:9-99:20
	android:label
		ADDED from src/main/AndroidManifest.xml:98:13-64
	android:icon
		ADDED from src/main/AndroidManifest.xml:97:13-42
	android:name
		ADDED from src/main/AndroidManifest.xml:96:13-73
activity#com.power.nfc.assistant.activitys.AccessConditionDecoder
ADDED from src/main/AndroidManifest.xml:100:9-105:20
	android:label
		ADDED from src/main/AndroidManifest.xml:104:13-69
	android:configChanges
		ADDED from src/main/AndroidManifest.xml:102:13-59
	android:icon
		ADDED from src/main/AndroidManifest.xml:103:13-55
	android:name
		ADDED from src/main/AndroidManifest.xml:101:13-84
activity#com.power.nfc.assistant.activitys.ValueBlocksToInt
ADDED from src/main/AndroidManifest.xml:106:9-111:20
	android:label
		ADDED from src/main/AndroidManifest.xml:110:13-64
	android:configChanges
		ADDED from src/main/AndroidManifest.xml:108:13-59
	android:icon
		ADDED from src/main/AndroidManifest.xml:109:13-56
	android:name
		ADDED from src/main/AndroidManifest.xml:107:13-78
activity#com.power.nfc.assistant.activitys.WriteTag
ADDED from src/main/AndroidManifest.xml:112:9-117:20
	android:label
		ADDED from src/main/AndroidManifest.xml:116:13-61
	android:configChanges
		ADDED from src/main/AndroidManifest.xml:114:13-74
	android:icon
		ADDED from src/main/AndroidManifest.xml:115:13-47
	android:name
		ADDED from src/main/AndroidManifest.xml:113:13-70
activity#com.power.nfc.assistant.activitys.ReadTag
ADDED from src/main/AndroidManifest.xml:118:9-123:20
	android:label
		ADDED from src/main/AndroidManifest.xml:122:13-60
	android:configChanges
		ADDED from src/main/AndroidManifest.xml:120:13-74
	android:icon
		ADDED from src/main/AndroidManifest.xml:121:13-46
	android:name
		ADDED from src/main/AndroidManifest.xml:119:13-69
activity#com.power.nfc.assistant.activitys.KeyEditor
ADDED from src/main/AndroidManifest.xml:124:9-129:20
	android:label
		ADDED from src/main/AndroidManifest.xml:128:13-62
	android:configChanges
		ADDED from src/main/AndroidManifest.xml:126:13-74
	android:icon
		ADDED from src/main/AndroidManifest.xml:127:13-47
	android:name
		ADDED from src/main/AndroidManifest.xml:125:13-71
activity#com.power.nfc.assistant.activitys.HelpAndInfo
ADDED from src/main/AndroidManifest.xml:130:9-135:20
	android:label
		ADDED from src/main/AndroidManifest.xml:134:13-56
	android:configChanges
		ADDED from src/main/AndroidManifest.xml:132:13-59
	android:icon
		ADDED from src/main/AndroidManifest.xml:133:13-51
	android:name
		ADDED from src/main/AndroidManifest.xml:131:13-73
activity#com.power.nfc.assistant.activitys.HexToAscii
ADDED from src/main/AndroidManifest.xml:136:9-141:20
	android:label
		ADDED from src/main/AndroidManifest.xml:140:13-64
	android:configChanges
		ADDED from src/main/AndroidManifest.xml:138:13-59
	android:icon
		ADDED from src/main/AndroidManifest.xml:139:13-50
	android:name
		ADDED from src/main/AndroidManifest.xml:137:13-72
activity#com.power.nfc.assistant.activitys.TagInfoTool
ADDED from src/main/AndroidManifest.xml:142:9-147:20
	android:label
		ADDED from src/main/AndroidManifest.xml:146:13-60
	android:configChanges
		ADDED from src/main/AndroidManifest.xml:144:13-59
	android:icon
		ADDED from src/main/AndroidManifest.xml:145:13-46
	android:name
		ADDED from src/main/AndroidManifest.xml:143:13-73
activity#com.power.nfc.assistant.activitys.ValueBlockTool
ADDED from src/main/AndroidManifest.xml:148:9-153:20
	android:label
		ADDED from src/main/AndroidManifest.xml:152:13-68
	android:configChanges
		ADDED from src/main/AndroidManifest.xml:150:13-59
	android:icon
		ADDED from src/main/AndroidManifest.xml:151:13-54
	android:name
		ADDED from src/main/AndroidManifest.xml:149:13-76
activity#com.power.nfc.assistant.activitys.AccessConditionTool
ADDED from src/main/AndroidManifest.xml:154:9-159:20
	android:label
		ADDED from src/main/AndroidManifest.xml:158:13-73
	android:configChanges
		ADDED from src/main/AndroidManifest.xml:156:13-59
	android:icon
		ADDED from src/main/AndroidManifest.xml:157:13-59
	android:name
		ADDED from src/main/AndroidManifest.xml:155:13-81
activity#com.power.nfc.assistant.activitys.Preferences
ADDED from src/main/AndroidManifest.xml:160:9-165:20
	android:label
		ADDED from src/main/AndroidManifest.xml:164:13-63
	android:configChanges
		ADDED from src/main/AndroidManifest.xml:162:13-59
	android:icon
		ADDED from src/main/AndroidManifest.xml:163:13-49
	android:name
		ADDED from src/main/AndroidManifest.xml:161:13-73
activity#com.power.nfc.assistant.activitys.DiffTool
ADDED from src/main/AndroidManifest.xml:166:9-171:20
	android:label
		ADDED from src/main/AndroidManifest.xml:170:13-61
	android:configChanges
		ADDED from src/main/AndroidManifest.xml:168:13-59
	android:icon
		ADDED from src/main/AndroidManifest.xml:169:13-47
	android:name
		ADDED from src/main/AndroidManifest.xml:167:13-70
activity#com.power.nfc.assistant.activitys.BccTool
ADDED from src/main/AndroidManifest.xml:172:9-177:20
	android:label
		ADDED from src/main/AndroidManifest.xml:176:13-60
	android:configChanges
		ADDED from src/main/AndroidManifest.xml:174:13-59
	android:icon
		ADDED from src/main/AndroidManifest.xml:175:13-46
	android:name
		ADDED from src/main/AndroidManifest.xml:173:13-69
activity#com.power.nfc.assistant.activitys.CloneUidTool
ADDED from src/main/AndroidManifest.xml:178:9-183:20
	android:label
		ADDED from src/main/AndroidManifest.xml:182:13-61
	android:configChanges
		ADDED from src/main/AndroidManifest.xml:180:13-59
	android:icon
		ADDED from src/main/AndroidManifest.xml:181:13-47
	android:name
		ADDED from src/main/AndroidManifest.xml:179:13-74
uses-sdk
INJECTED from src/main/AndroidManifest.xml reason: use-sdk injection requested
INJECTED from src/main/AndroidManifest.xml
INJECTED from src/main/AndroidManifest.xml
MERGED from [com.github.goldze:MVVMHabit:3.1.2] AndroidManifest.xml:7:5-9:41
MERGED from [com.github.goldze:MVVMHabit:3.1.2] AndroidManifest.xml:7:5-9:41
MERGED from [me.tatarka.bindingcollectionadapter2:bindingcollectionadapter-recyclerview:2.2.0] AndroidManifest.xml:6:5-44
MERGED from [me.tatarka.bindingcollectionadapter2:bindingcollectionadapter-recyclerview:2.2.0] AndroidManifest.xml:6:5-44
MERGED from [me.tatarka.bindingcollectionadapter2:bindingcollectionadapter:2.2.0] AndroidManifest.xml:6:5-44
MERGED from [me.tatarka.bindingcollectionadapter2:bindingcollectionadapter:2.2.0] AndroidManifest.xml:6:5-44
MERGED from [androidx.databinding:databinding-adapters:3.4.1] AndroidManifest.xml:22:5-44
MERGED from [androidx.databinding:databinding-adapters:3.4.1] AndroidManifest.xml:22:5-44
MERGED from [androidx.databinding:databinding-runtime:3.4.1] AndroidManifest.xml:22:5-44
MERGED from [androidx.databinding:databinding-runtime:3.4.1] AndroidManifest.xml:22:5-44
MERGED from [androidx.constraintlayout:constraintlayout:1.1.3] AndroidManifest.xml:5:5-7:41
MERGED from [androidx.constraintlayout:constraintlayout:1.1.3] AndroidManifest.xml:5:5-7:41
MERGED from [com.afollestad.material-dialogs:commons:0.9.4.5] AndroidManifest.xml:8:5-10:41
MERGED from [com.afollestad.material-dialogs:commons:0.9.4.5] AndroidManifest.xml:8:5-10:41
MERGED from [com.afollestad.material-dialogs:core:0.9.4.5] AndroidManifest.xml:8:5-11:75
MERGED from [com.afollestad.material-dialogs:core:0.9.4.5] AndroidManifest.xml:8:5-11:75
MERGED from [androidx.legacy:legacy-support-v13:1.0.0] AndroidManifest.xml:20:5-44
MERGED from [androidx.legacy:legacy-support-v13:1.0.0] AndroidManifest.xml:20:5-44
MERGED from [androidx.legacy:legacy-support-v4:1.0.0] AndroidManifest.xml:20:5-44
MERGED from [androidx.legacy:legacy-support-v4:1.0.0] AndroidManifest.xml:20:5-44
MERGED from [com.trello.rxlifecycle2:rxlifecycle-components:2.2.2] AndroidManifest.xml:16:5-44
MERGED from [com.trello.rxlifecycle2:rxlifecycle-components:2.2.2] AndroidManifest.xml:16:5-44
MERGED from [me.zhanghai.android.materialprogressbar:library:1.4.1] AndroidManifest.xml:12:5-14:41
MERGED from [me.zhanghai.android.materialprogressbar:library:1.4.1] AndroidManifest.xml:12:5-14:41
MERGED from [androidx.appcompat:appcompat:1.0.0] AndroidManifest.xml:20:5-44
MERGED from [androidx.appcompat:appcompat:1.0.0] AndroidManifest.xml:20:5-44
MERGED from [com.github.tbruyelle:rxpermissions:0.10.2] AndroidManifest.xml:5:5-7:41
MERGED from [com.github.tbruyelle:rxpermissions:0.10.2] AndroidManifest.xml:5:5-7:41
MERGED from [com.github.bumptech.glide:glide:4.8.0] AndroidManifest.xml:6:5-8:41
MERGED from [com.github.bumptech.glide:glide:4.8.0] AndroidManifest.xml:6:5-8:41
MERGED from [androidx.lifecycle:lifecycle-extensions:2.0.0] AndroidManifest.xml:20:5-44
MERGED from [androidx.lifecycle:lifecycle-extensions:2.0.0] AndroidManifest.xml:20:5-44
MERGED from [androidx.fragment:fragment:1.0.0] AndroidManifest.xml:20:5-44
MERGED from [androidx.fragment:fragment:1.0.0] AndroidManifest.xml:20:5-44
MERGED from [androidx.recyclerview:recyclerview:1.0.0] AndroidManifest.xml:20:5-44
MERGED from [androidx.recyclerview:recyclerview:1.0.0] AndroidManifest.xml:20:5-44
MERGED from [androidx.vectordrawable:vectordrawable-animated:1.0.0] AndroidManifest.xml:20:5-44
MERGED from [androidx.vectordrawable:vectordrawable-animated:1.0.0] AndroidManifest.xml:20:5-44
MERGED from [androidx.legacy:legacy-support-core-ui:1.0.0] AndroidManifest.xml:20:5-44
MERGED from [androidx.legacy:legacy-support-core-ui:1.0.0] AndroidManifest.xml:20:5-44
MERGED from [androidx.legacy:legacy-support-core-utils:1.0.0] AndroidManifest.xml:20:5-44
MERGED from [androidx.legacy:legacy-support-core-utils:1.0.0] AndroidManifest.xml:20:5-44
MERGED from [com.lzy.net:okgo:3.0.4] AndroidManifest.xml:22:5-24:41
MERGED from [com.lzy.net:okgo:3.0.4] AndroidManifest.xml:22:5-24:41
MERGED from [androidx.loader:loader:1.0.0] AndroidManifest.xml:20:5-44
MERGED from [androidx.loader:loader:1.0.0] AndroidManifest.xml:20:5-44
MERGED from [androidx.media:media:1.0.0] AndroidManifest.xml:20:5-44
MERGED from [androidx.media:media:1.0.0] AndroidManifest.xml:20:5-44
MERGED from [androidx.vectordrawable:vectordrawable:1.0.0] AndroidManifest.xml:20:5-44
MERGED from [androidx.vectordrawable:vectordrawable:1.0.0] AndroidManifest.xml:20:5-44
MERGED from [androidx.viewpager:viewpager:1.0.0] AndroidManifest.xml:20:5-44
MERGED from [androidx.viewpager:viewpager:1.0.0] AndroidManifest.xml:20:5-44
MERGED from [androidx.coordinatorlayout:coordinatorlayout:1.0.0] AndroidManifest.xml:20:5-44
MERGED from [androidx.coordinatorlayout:coordinatorlayout:1.0.0] AndroidManifest.xml:20:5-44
MERGED from [androidx.drawerlayout:drawerlayout:1.0.0] AndroidManifest.xml:20:5-44
MERGED from [androidx.drawerlayout:drawerlayout:1.0.0] AndroidManifest.xml:20:5-44
MERGED from [androidx.slidingpanelayout:slidingpanelayout:1.0.0] AndroidManifest.xml:20:5-44
MERGED from [androidx.slidingpanelayout:slidingpanelayout:1.0.0] AndroidManifest.xml:20:5-44
MERGED from [androidx.customview:customview:1.0.0] AndroidManifest.xml:20:5-44
MERGED from [androidx.customview:customview:1.0.0] AndroidManifest.xml:20:5-44
MERGED from [androidx.swiperefreshlayout:swiperefreshlayout:1.0.0] AndroidManifest.xml:20:5-44
MERGED from [androidx.swiperefreshlayout:swiperefreshlayout:1.0.0] AndroidManifest.xml:20:5-44
MERGED from [androidx.asynclayoutinflater:asynclayoutinflater:1.0.0] AndroidManifest.xml:20:5-44
MERGED from [androidx.asynclayoutinflater:asynclayoutinflater:1.0.0] AndroidManifest.xml:20:5-44
MERGED from [androidx.core:core:1.0.0] AndroidManifest.xml:20:5-44
MERGED from [androidx.core:core:1.0.0] AndroidManifest.xml:20:5-44
MERGED from [androidx.lifecycle:lifecycle-process:2.0.0] AndroidManifest.xml:20:5-44
MERGED from [androidx.lifecycle:lifecycle-process:2.0.0] AndroidManifest.xml:20:5-44
MERGED from [androidx.lifecycle:lifecycle-service:2.0.0] AndroidManifest.xml:20:5-44
MERGED from [androidx.lifecycle:lifecycle-service:2.0.0] AndroidManifest.xml:20:5-44
MERGED from [androidx.lifecycle:lifecycle-runtime:2.0.0] AndroidManifest.xml:20:5-44
MERGED from [androidx.lifecycle:lifecycle-runtime:2.0.0] AndroidManifest.xml:20:5-44
MERGED from [androidx.versionedparcelable:versionedparcelable:1.0.0] AndroidManifest.xml:20:5-44
MERGED from [androidx.versionedparcelable:versionedparcelable:1.0.0] AndroidManifest.xml:20:5-44
MERGED from [com.jakewharton.rxbinding2:rxbinding:2.1.1] AndroidManifest.xml:6:5-44
MERGED from [com.jakewharton.rxbinding2:rxbinding:2.1.1] AndroidManifest.xml:6:5-44
MERGED from [com.trello.rxlifecycle2:rxlifecycle-android:2.2.2] AndroidManifest.xml:16:5-44
MERGED from [com.trello.rxlifecycle2:rxlifecycle-android:2.2.2] AndroidManifest.xml:16:5-44
MERGED from [io.reactivex.rxjava2:rxandroid:2.1.0] AndroidManifest.xml:18:5-43
MERGED from [io.reactivex.rxjava2:rxandroid:2.1.0] AndroidManifest.xml:18:5-43
MERGED from [androidx.documentfile:documentfile:1.0.0] AndroidManifest.xml:20:5-44
MERGED from [androidx.documentfile:documentfile:1.0.0] AndroidManifest.xml:20:5-44
MERGED from [androidx.localbroadcastmanager:localbroadcastmanager:1.0.0] AndroidManifest.xml:20:5-44
MERGED from [androidx.localbroadcastmanager:localbroadcastmanager:1.0.0] AndroidManifest.xml:20:5-44
MERGED from [androidx.print:print:1.0.0] AndroidManifest.xml:20:5-44
MERGED from [androidx.print:print:1.0.0] AndroidManifest.xml:20:5-44
MERGED from [androidx.lifecycle:lifecycle-livedata:2.0.0] AndroidManifest.xml:20:5-44
MERGED from [androidx.lifecycle:lifecycle-livedata:2.0.0] AndroidManifest.xml:20:5-44
MERGED from [androidx.lifecycle:lifecycle-livedata-core:2.0.0] AndroidManifest.xml:20:5-44
MERGED from [androidx.lifecycle:lifecycle-livedata-core:2.0.0] AndroidManifest.xml:20:5-44
MERGED from [androidx.arch.core:core-runtime:2.0.0] AndroidManifest.xml:20:5-44
MERGED from [androidx.arch.core:core-runtime:2.0.0] AndroidManifest.xml:20:5-44
MERGED from [com.github.bumptech.glide:gifdecoder:4.8.0] AndroidManifest.xml:5:5-7:41
MERGED from [com.github.bumptech.glide:gifdecoder:4.8.0] AndroidManifest.xml:5:5-7:41
MERGED from [androidx.cursoradapter:cursoradapter:1.0.0] AndroidManifest.xml:20:5-44
MERGED from [androidx.cursoradapter:cursoradapter:1.0.0] AndroidManifest.xml:20:5-44
MERGED from [androidx.lifecycle:lifecycle-viewmodel:2.0.0] AndroidManifest.xml:20:5-44
MERGED from [androidx.lifecycle:lifecycle-viewmodel:2.0.0] AndroidManifest.xml:20:5-44
MERGED from [androidx.interpolator:interpolator:1.0.0] AndroidManifest.xml:20:5-44
MERGED from [androidx.interpolator:interpolator:1.0.0] AndroidManifest.xml:20:5-44
INJECTED from src/main/AndroidManifest.xml
INJECTED from src/main/AndroidManifest.xml
	tools:overrideLibrary
		ADDED from [com.afollestad.material-dialogs:core:0.9.4.5] AndroidManifest.xml:11:9-72
	android:targetSdkVersion
		INJECTED from src/main/AndroidManifest.xml
		ADDED from src/main/AndroidManifest.xml
		INJECTED from src/main/AndroidManifest.xml
	android:minSdkVersion
		INJECTED from src/main/AndroidManifest.xml
		ADDED from src/main/AndroidManifest.xml
		INJECTED from src/main/AndroidManifest.xml
meta-data#android.support.FILE_PROVIDER_PATHS
ADDED from src/main/AndroidManifest.xml:76:13-78:62
	android:resource
		ADDED from src/main/AndroidManifest.xml:78:17-60
	android:name
		ADDED from src/main/AndroidManifest.xml:77:17-67
activity#me.goldze.mvvmhabit.base.ContainerActivity
ADDED from [com.github.goldze:MVVMHabit:3.1.2] AndroidManifest.xml:14:9-16:66
	android:configChanges
		ADDED from [com.github.goldze:MVVMHabit:3.1.2] AndroidManifest.xml:16:13-63
	android:name
		ADDED from [com.github.goldze:MVVMHabit:3.1.2] AndroidManifest.xml:15:13-70
activity#me.goldze.mvvmhabit.crash.DefaultErrorActivity
ADDED from [com.github.goldze:MVVMHabit:3.1.2] AndroidManifest.xml:17:9-19:49
	android:process
		ADDED from [com.github.goldze:MVVMHabit:3.1.2] AndroidManifest.xml:19:13-46
	android:name
		ADDED from [com.github.goldze:MVVMHabit:3.1.2] AndroidManifest.xml:18:13-74
provider#me.goldze.mvvmhabit.crash.CaocInitProvider
ADDED from [com.github.goldze:MVVMHabit:3.1.2] AndroidManifest.xml:21:9-25:39
	android:authorities
		ADDED from [com.github.goldze:MVVMHabit:3.1.2] AndroidManifest.xml:23:13-85
	android:exported
		ADDED from [com.github.goldze:MVVMHabit:3.1.2] AndroidManifest.xml:24:13-37
	android:initOrder
		ADDED from [com.github.goldze:MVVMHabit:3.1.2] AndroidManifest.xml:25:13-36
	android:name
		ADDED from [com.github.goldze:MVVMHabit:3.1.2] AndroidManifest.xml:22:13-70
uses-permission#android.permission.MOUNT_UNMOUNT_FILESYSTEMS
ADDED from [com.lzy.net:okgo:3.0.4] AndroidManifest.xml:29:5-84
	android:name
		ADDED from [com.lzy.net:okgo:3.0.4] AndroidManifest.xml:29:22-81